<?xml version="1.0" encoding="UTF-8"?>
<testsuite xmlns:xsi="http://www.w3.org/2001/XMLSchema-instance" xsi:noNamespaceSchemaLocation="https://maven.apache.org/surefire/maven-surefire-plugin/xsd/surefire-test-report-3.0.xsd" version="3.0" name="com.apigateway.ApigatewayApplicationTests" time="7.144" tests="1" errors="0" skipped="0" failures="0">
  <properties>
[...]
</properties>
  <testcase name="contextLoads" classname="com.apigateway.ApigatewayApplicationTests" time="1.229">
    <system-out><![CDATA[17:09:05.628 [main] INFO org.springframework.test.context.support.AnnotationConfigContextLoaderUtils -- Could not detect default configuration classes for test class [com.apigateway.ApigatewayApplicationTests]: ApigatewayApplicationTests does not declare any static, non-private, non-final, nested classes annotated with @Configuration.
17:09:05.797 [main] INFO org.springframework.boot.test.context.SpringBootTestContextBootstrapper -- Found @SpringBootConfiguration com.apigateway.ApigatewayApplication for test class com.apigateway.ApigatewayApplicationTests

  .   ____          _            __ _ _
 /\\ / ___'_ __ _ _(_)_ __  __ _ \ \ \ \
( ( )\___ | '_ | '_| | '_ \/ _` | \ \ \ \
 \\/  ___)| |_)| | | | | || (_| |  ) ) ) )
  '  |____| .__|_| |_|_| |_\__, | / / / /
 =========|_|==============|___/=/_/_/_/

 :: Spring Boot ::                (v3.3.9)

2025-03-18T17:09:06.571+05:30  INFO 14300 --- [api-gateway] [           main] c.apigateway.ApigatewayApplicationTests  : Starting ApigatewayApplicationTests using Java 23.0.1 with PID 14300 (started by Shamiksha in C:\Users\Shamiksha\Desktop\micro\apigateway\apigateway)
2025-03-18T17:09:06.573+05:30  INFO 14300 --- [api-gateway] [           main] c.apigateway.ApigatewayApplicationTests  : No active profile set, falling back to 1 default profile: "default"
2025-03-18T17:09:08.071+05:30  INFO 14300 --- [api-gateway] [           main] o.s.cloud.context.scope.GenericScope     : BeanFactory id=93870e3d-4341-39a6-9541-8e2c6929a6cd
2025-03-18T17:09:10.119+05:30  INFO 14300 --- [api-gateway] [           main] DiscoveryClientOptionalArgsConfiguration : Eureka HTTP Client uses RestTemplate.
2025-03-18T17:09:10.347+05:30  WARN 14300 --- [api-gateway] [           main] iguration$LoadBalancerCaffeineWarnLogger : Spring Cloud LoadBalancer is currently working with the default cache. While this cache implementation is useful for development and tests, it's recommended to use Caffeine cache in production.You can switch to using Caffeine cache, by adding it and org.springframework.cache.caffeine.CaffeineCacheManager to the classpath.
2025-03-18T17:09:10.365+05:30  INFO 14300 --- [api-gateway] [           main] o.s.b.a.e.web.EndpointLinksResolver      : Exposing 1 endpoint beneath base path '/actuator'
2025-03-18T17:09:10.444+05:30  INFO 14300 --- [api-gateway] [           main] o.s.c.n.eureka.InstanceInfoFactory       : Setting initial instance status as: STARTING
2025-03-18T17:09:10.513+05:30  INFO 14300 --- [api-gateway] [           main] com.netflix.discovery.DiscoveryClient    : Initializing Eureka in region us-east-1
2025-03-18T17:09:10.526+05:30  INFO 14300 --- [api-gateway] [           main] c.n.d.s.r.aws.ConfigClusterResolver      : Resolving eureka endpoints via configuration
2025-03-18T17:09:10.542+05:30  INFO 14300 --- [api-gateway] [           main] com.netflix.discovery.DiscoveryClient    : Disable delta property : false
2025-03-18T17:09:10.542+05:30  INFO 14300 --- [api-gateway] [           main] com.netflix.discovery.DiscoveryClient    : Single vip registry refresh property : null
2025-03-18T17:09:10.542+05:30  INFO 14300 --- [api-gateway] [           main] com.netflix.discovery.DiscoveryClient    : Force full registry fetch : false
2025-03-18T17:09:10.542+05:30  INFO 14300 --- [api-gateway] [           main] com.netflix.discovery.DiscoveryClient    : Application is null : false
2025-03-18T17:09:10.542+05:30  INFO 14300 --- [api-gateway] [           main] com.netflix.discovery.DiscoveryClient    : Registered Applications size is zero : true
2025-03-18T17:09:10.542+05:30  INFO 14300 --- [api-gateway] [           main] com.netflix.discovery.DiscoveryClient    : Application version is -1: true
2025-03-18T17:09:10.542+05:30  INFO 14300 --- [api-gateway] [           main] com.netflix.discovery.DiscoveryClient    : Getting all instance registry info from the eureka server
2025-03-18T17:09:11.062+05:30  INFO 14300 --- [api-gateway] [           main] com.netflix.discovery.DiscoveryClient    : The response status is 200
2025-03-18T17:09:11.065+05:30  INFO 14300 --- [api-gateway] [           main] com.netflix.discovery.DiscoveryClient    : Starting heartbeat executor: renew interval is: 30
2025-03-18T17:09:11.067+05:30  INFO 14300 --- [api-gateway] [           main] c.n.discovery.InstanceInfoReplicator     : InstanceInfoReplicator onDemand update allowed rate per min is 4
2025-03-18T17:09:11.070+05:30  INFO 14300 --- [api-gateway] [           main] com.netflix.discovery.DiscoveryClient    : Discovery Client initialized at timestamp 1742297951068 with initial instances count: 3
2025-03-18T17:09:11.075+05:30  INFO 14300 --- [api-gateway] [           main] o.s.c.n.e.s.EurekaServiceRegistry        : Registering application API-GATEWAY with eureka with status UP
2025-03-18T17:09:11.075+05:30  INFO 14300 --- [api-gateway] [           main] com.netflix.discovery.DiscoveryClient    : Saw local status change event StatusChangeEvent [timestamp=1742297951075, current=UP, previous=STARTING]
2025-03-18T17:09:11.077+05:30  INFO 14300 --- [api-gateway] [foReplicator-%d] com.netflix.discovery.DiscoveryClient    : DiscoveryClient_API-GATEWAY/shamiksha-laptop:api-gateway:8999: registering service...
2025-03-18T17:09:11.097+05:30  INFO 14300 --- [api-gateway] [           main] c.apigateway.ApigatewayApplicationTests  : Started ApigatewayApplicationTests in 5.072 seconds (process running for 6.679)
2025-03-18T17:09:11.175+05:30  INFO 14300 --- [api-gateway] [foReplicator-%d] com.netflix.discovery.DiscoveryClient    : DiscoveryClient_API-GATEWAY/shamiksha-laptop:api-gateway:8999 - registration status: 204
]]></system-out>
    <system-err><![CDATA[WARNING: A Java agent has been loaded dynamically (C:\Users\Shamiksha\.m2\repository\net\bytebuddy\byte-buddy-agent\1.14.19\byte-buddy-agent-1.14.19.jar)
WARNING: If a serviceability tool is in use, please run with -XX:+EnableDynamicAgentLoading to hide this warning
WARNING: If a serviceability tool is not in use, please run with -Djdk.instrument.traceUsage for more information
WARNING: Dynamic loading of agents will be disallowed by default in a future release
]]></system-err>
  </testcase>
</testsuite>